<?xml version="1.0" encoding="UTF-8"?>
<!-- Generated by org.testng.reporters.JUnitReportReporter -->
<testsuite hostname="EPINPUNW039D" failures="0" tests="7" name="epam.com.DatabaseTest.TestStoredProcedure" time="0.137" errors="1" timestamp="2022-02-28T05:48:50 IST" skipped="6">
  <testcase classname="epam.com.DatabaseTest.TestStoredProcedure" name="testProducerCityCountByCountry" time="0.137">
    <error message="Parameter number 2 is not an OUT parameter" type="java.sql.SQLException">
      <![CDATA[java.sql.SQLException: Parameter number 2 is not an OUT parameter
at com.mysql.cj.jdbc.exceptions.SQLError.createSQLException(SQLError.java:129)
at com.mysql.cj.jdbc.exceptions.SQLError.createSQLException(SQLError.java:97)
at com.mysql.cj.jdbc.exceptions.SQLError.createSQLException(SQLError.java:89)
at com.mysql.cj.jdbc.exceptions.SQLError.createSQLException(SQLError.java:63)
at com.mysql.cj.jdbc.CallableStatement.checkIsOutputParam(CallableStatement.java:645)
at com.mysql.cj.jdbc.CallableStatement.registerOutParameter(CallableStatement.java:1717)
at com.mysql.cj.jdbc.CallableStatement.registerOutParameter(CallableStatement.java:1725)
at epam.com.DatabaseTest.TestStoredProcedure.testProducerCityCountByCountry(TestStoredProcedure.java:219)
at java.base/jdk.internal.reflect.NativeMethodAccessorImpl.invoke0(Native Method)
at java.base/jdk.internal.reflect.NativeMethodAccessorImpl.invoke(NativeMethodAccessorImpl.java:77)
at java.base/jdk.internal.reflect.DelegatingMethodAccessorImpl.invoke(DelegatingMethodAccessorImpl.java:43)
at java.base/java.lang.reflect.Method.invoke(Method.java:568)
at org.testng.internal.invokers.MethodInvocationHelper.invokeMethod(MethodInvocationHelper.java:135)
at org.testng.internal.invokers.TestInvoker.invokeMethod(TestInvoker.java:673)
at org.testng.internal.invokers.TestInvoker.invokeTestMethod(TestInvoker.java:220)
at org.testng.internal.invokers.MethodRunner.runInSequence(MethodRunner.java:50)
at org.testng.internal.invokers.TestInvoker$MethodInvocationAgent.invoke(TestInvoker.java:945)
at org.testng.internal.invokers.TestInvoker.invokeTestMethods(TestInvoker.java:193)
at org.testng.internal.invokers.TestMethodWorker.invokeTestMethods(TestMethodWorker.java:146)
at org.testng.internal.invokers.TestMethodWorker.run(TestMethodWorker.java:128)
at java.base/java.util.ArrayList.forEach(ArrayList.java:1511)
at org.testng.TestRunner.privateRun(TestRunner.java:808)
at org.testng.TestRunner.run(TestRunner.java:603)
at org.testng.SuiteRunner.runTest(SuiteRunner.java:429)
at org.testng.SuiteRunner.runSequentially(SuiteRunner.java:423)
at org.testng.SuiteRunner.privateRun(SuiteRunner.java:383)
at org.testng.SuiteRunner.run(SuiteRunner.java:326)
at org.testng.SuiteRunnerWorker.runSuite(SuiteRunnerWorker.java:52)
at org.testng.SuiteRunnerWorker.run(SuiteRunnerWorker.java:95)
at org.testng.TestNG.runSuitesSequentially(TestNG.java:1249)
at org.testng.TestNG.runSuitesLocally(TestNG.java:1169)
at org.testng.TestNG.runSuites(TestNG.java:1092)
at org.testng.TestNG.run(TestNG.java:1060)
at org.testng.remote.AbstractRemoteTestNG.run(AbstractRemoteTestNG.java:115)
at org.testng.remote.RemoteTestNG.initAndRun(RemoteTestNG.java:251)
at org.testng.remote.RemoteTestNG.main(RemoteTestNG.java:77)
]]>
    </error>
  </testcase> <!-- testProducerCityCountByCountry -->
  <system-out/>
  <testcase classname="epam.com.DatabaseTest.TestStoredProcedure" name="test_storedProduresExists">
    <skipped/>
  </testcase> <!-- test_storedProduresExists -->
  <system-out/>
  <testcase classname="epam.com.DatabaseTest.TestStoredProcedure" name="testByCountry">
    <skipped/>
  </testcase> <!-- testByCountry -->
  <system-out/>
  <testcase classname="epam.com.DatabaseTest.TestStoredProcedure" name="testStoredProcedureExistence">
    <skipped/>
  </testcase> <!-- testStoredProcedureExistence -->
  <system-out/>
  <testcase classname="epam.com.DatabaseTest.TestStoredProcedure" name="numberofcolumnsInACity">
    <skipped/>
  </testcase> <!-- numberofcolumnsInACity -->
  <system-out/>
  <testcase classname="epam.com.DatabaseTest.TestStoredProcedure" name="testByCityDetails">
    <skipped/>
  </testcase> <!-- testByCityDetails -->
  <system-out/>
  <testcase classname="epam.com.DatabaseTest.TestStoredProcedure" name="testForTrigger">
    <skipped/>
  </testcase> <!-- testForTrigger -->
  <system-out/>
</testsuite> <!-- epam.com.DatabaseTest.TestStoredProcedure -->
