<?xml version="1.0" encoding="UTF-8"?>
<!-- Generated by org.testng.reporters.JUnitReportReporter -->
<testsuite hostname="EPINPUNW039D" failures="1" tests="3" name="epam.com.CucumberBdd.feature.TestLoginPage" time="13.214" errors="0" timestamp="2022-03-01T13:42:49 IST" skipped="0">
  <testcase classname="epam.com.CucumberBdd.feature.TestLoginPage" name="runScenario" time="6.714"/>
  <system-out/>
  <testcase classname="epam.com.CucumberBdd.feature.TestLoginPage" name="testDummy" time="0.010"/>
  <system-out/>
  <testcase classname="epam.com.CucumberBdd.feature.TestLoginPage" name="runScenario" time="6.490">
    <failure message="expected [true] but found [false]" type="java.lang.AssertionError">
      <![CDATA[java.lang.AssertionError: expected [true] but found [false]
at org.testng.Assert.fail(Assert.java:110)
at org.testng.Assert.failNotEquals(Assert.java:1413)
at org.testng.Assert.assertTrue(Assert.java:56)
at org.testng.Assert.assertTrue(Assert.java:66)
at epam.com.CucumberBdd.feature.CucumberDefinitionImpl.user_should_navigate_to(CucumberDefinitionImpl.java:58)
at âœ½.user should navigate to 'dashboard'(file:///C:/Users/Swati_Deshwal/TestAutomation/CucumberBdd/src/test/resources/features/CheckingloginScenario.feature:12)
]]>
    </failure>
  </testcase> <!-- runScenario -->
  <system-out/>
</testsuite> <!-- epam.com.CucumberBdd.feature.TestLoginPage -->
